f:\dissertation\project code\project v2\project v2\x64\debug\vc142.pdb
f:\dissertation\project code\project v2\project v2\x64\debug\vc142.idb
f:\dissertation\project code\project v2\project v2\x64\debug\imgui_draw.obj
f:\dissertation\project code\project v2\project v2\x64\debug\imgui_demo.obj
f:\dissertation\project code\project v2\project v2\x64\debug\imgui.obj
f:\dissertation\project code\project v2\project v2\x64\debug\window.obj
f:\dissertation\project code\project v2\project v2\x64\debug\voxtest.obj
f:\dissertation\project code\project v2\project v2\x64\debug\voxgrid.obj
f:\dissertation\project code\project v2\project v2\x64\debug\voxbox.obj
f:\dissertation\project code\project v2\project v2\x64\debug\vox.obj
f:\dissertation\project code\project v2\project v2\x64\debug\vertexarray.obj
f:\dissertation\project code\project v2\project v2\x64\debug\vbuffer.obj
f:\dissertation\project code\project v2\project v2\x64\debug\utilties.obj
f:\dissertation\project code\project v2\project v2\x64\debug\transform.obj
f:\dissertation\project code\project v2\project v2\x64\debug\shadermanager.obj
f:\dissertation\project code\project v2\project v2\x64\debug\shader.obj
f:\dissertation\project code\project v2\project v2\x64\debug\renderer.obj
f:\dissertation\project code\project v2\project v2\x64\debug\main.obj
f:\dissertation\project code\project v2\project v2\x64\debug\input.obj
f:\dissertation\project code\project v2\project v2\x64\debug\indexbuffer.obj
f:\dissertation\project code\project v2\project v2\x64\debug\deltatime.obj
f:\dissertation\project code\project v2\project v2\x64\debug\camera.obj
f:\dissertation\project code\project v2\project v2\x64\debug\imgui_widgets.obj
f:\dissertation\project code\project v2\project v2\x64\debug\imgui_impl_opengl3.obj
f:\dissertation\project code\project v2\project v2\x64\debug\imgui_impl_glfw.obj
f:\dissertation\project code\project v2\x64\debug\project v2.exe
f:\dissertation\project code\project v2\x64\debug\project v2.ilk
f:\dissertation\project code\project v2\x64\debug\project v2.pdb
f:\dissertation\project code\project v2\project v2\x64\debug\project v2.tlog\cl.command.1.tlog
f:\dissertation\project code\project v2\project v2\x64\debug\project v2.tlog\link.command.1.tlog
f:\dissertation\project code\project v2\project v2\x64\debug\project v2.tlog\cl.read.1.tlog
f:\dissertation\project code\project v2\project v2\x64\debug\project v2.tlog\link.read.1.tlog
f:\dissertation\project code\project v2\project v2\x64\debug\project v2.tlog\cl.write.1.tlog
f:\dissertation\project code\project v2\project v2\x64\debug\project v2.tlog\link.write.1.tlog
